<?xml version="1.0" encoding="UTF-8"?>
<testsuite name="com.practice.springboot.web.PostApiControllerTest" tests="2" skipped="0" failures="0" errors="0" timestamp="2020-10-11T13:01:28" hostname="Jeremy-ThinkPad" time="0.136">
  <properties/>
  <testcase name="testUpdatePosts" classname="com.practice.springboot.web.PostApiControllerTest" time="0.112"/>
  <testcase name="testSavePosts" classname="com.practice.springboot.web.PostApiControllerTest" time="0.023"/>
  <system-out><![CDATA[2020-10-11 22:01:28.501  INFO 4160 --- [    Test worker] .b.t.c.SpringBootTestContextBootstrapper : Neither @ContextConfiguration nor @ContextHierarchy found for test class [com.practice.springboot.web.PostApiControllerTest], using SpringBootContextLoader
2020-10-11 22:01:28.502  INFO 4160 --- [    Test worker] o.s.t.c.support.AbstractContextLoader    : Could not detect default resource locations for test class [com.practice.springboot.web.PostApiControllerTest]: no resource found for suffixes {-context.xml, Context.groovy}.
2020-10-11 22:01:28.502  INFO 4160 --- [    Test worker] t.c.s.AnnotationConfigContextLoaderUtils : Could not detect default configuration classes for test class [com.practice.springboot.web.PostApiControllerTest]: PostApiControllerTest does not declare any static, non-private, non-final, nested classes annotated with @Configuration.
2020-10-11 22:01:28.504  INFO 4160 --- [    Test worker] .b.t.c.SpringBootTestContextBootstrapper : Found @SpringBootConfiguration com.practice.springboot.Application for test class com.practice.springboot.web.PostApiControllerTest
2020-10-11 22:01:28.506  INFO 4160 --- [    Test worker] .b.t.c.SpringBootTestContextBootstrapper : Loaded default TestExecutionListener class names from location [META-INF/spring.factories]: [org.springframework.security.test.context.support.WithSecurityContextTestExecutionListener, org.springframework.security.test.context.support.ReactorContextTestExecutionListener, org.springframework.boot.test.autoconfigure.restdocs.RestDocsTestExecutionListener, org.springframework.boot.test.autoconfigure.web.client.MockRestServiceServerResetTestExecutionListener, org.springframework.boot.test.autoconfigure.web.servlet.MockMvcPrintOnlyOnFailureTestExecutionListener, org.springframework.boot.test.autoconfigure.web.servlet.WebDriverTestExecutionListener, org.springframework.boot.test.mock.mockito.MockitoTestExecutionListener, org.springframework.boot.test.mock.mockito.ResetMocksTestExecutionListener, org.springframework.test.context.web.ServletTestExecutionListener, org.springframework.test.context.support.DirtiesContextBeforeModesTestExecutionListener, org.springframework.test.context.support.DependencyInjectionTestExecutionListener, org.springframework.test.context.support.DirtiesContextTestExecutionListener, org.springframework.test.context.transaction.TransactionalTestExecutionListener, org.springframework.test.context.jdbc.SqlScriptsTestExecutionListener]
2020-10-11 22:01:28.508  INFO 4160 --- [    Test worker] .b.t.c.SpringBootTestContextBootstrapper : Using TestExecutionListeners: [org.springframework.test.context.web.ServletTestExecutionListener@925cbc8, org.springframework.test.context.support.DirtiesContextBeforeModesTestExecutionListener@30dd62ce, org.springframework.boot.test.mock.mockito.MockitoTestExecutionListener@50e4d11f, org.springframework.boot.test.autoconfigure.SpringBootDependencyInjectionTestExecutionListener@13ceece9, org.springframework.test.context.support.DirtiesContextTestExecutionListener@34920ed3, org.springframework.test.context.transaction.TransactionalTestExecutionListener@6f02c19d, org.springframework.test.context.jdbc.SqlScriptsTestExecutionListener@1918994b, org.springframework.security.test.context.support.WithSecurityContextTestExecutionListener@7d558725, org.springframework.security.test.context.support.ReactorContextTestExecutionListener@5995faca, org.springframework.boot.test.autoconfigure.restdocs.RestDocsTestExecutionListener@2062d64c, org.springframework.boot.test.autoconfigure.web.client.MockRestServiceServerResetTestExecutionListener@7dedd1ca, org.springframework.boot.test.autoconfigure.web.servlet.MockMvcPrintOnlyOnFailureTestExecutionListener@2c500dfd, org.springframework.boot.test.autoconfigure.web.servlet.WebDriverTestExecutionListener@5ae5e117, org.springframework.boot.test.mock.mockito.ResetMocksTestExecutionListener@6c839cb1]
2020-10-11 22:01:28.517  INFO 4160 --- [    Test worker] o.a.c.c.C.[Tomcat].[localhost].[/]       : Initializing Spring TestDispatcherServlet ''
2020-10-11 22:01:28.517  INFO 4160 --- [    Test worker] o.s.t.web.servlet.TestDispatcherServlet  : Initializing Servlet ''
2020-10-11 22:01:28.525  INFO 4160 --- [    Test worker] o.s.t.web.servlet.TestDispatcherServlet  : Completed initialization in 2 ms
Hibernate: insert into posts (created_date, modified_date, author, content, title) values (?, ?, ?, ?, ?)
Hibernate: select posts0_.id as id1_0_0_, posts0_.created_date as created_2_0_0_, posts0_.modified_date as modified3_0_0_, posts0_.author as author4_0_0_, posts0_.content as content5_0_0_, posts0_.title as title6_0_0_ from posts posts0_ where posts0_.id=?
Hibernate: update posts set created_date=?, modified_date=?, author=?, content=?, title=? where id=?
Hibernate: select posts0_.id as id1_0_, posts0_.created_date as created_2_0_, posts0_.modified_date as modified3_0_, posts0_.author as author4_0_, posts0_.content as content5_0_, posts0_.title as title6_0_ from posts posts0_
Hibernate: select posts0_.id as id1_0_, posts0_.created_date as created_2_0_, posts0_.modified_date as modified3_0_, posts0_.author as author4_0_, posts0_.content as content5_0_, posts0_.title as title6_0_ from posts posts0_
Hibernate: delete from posts where id=?
2020-10-11 22:01:28.629  INFO 4160 --- [    Test worker] o.a.c.c.C.[Tomcat].[localhost].[/]       : Initializing Spring TestDispatcherServlet ''
2020-10-11 22:01:28.630  INFO 4160 --- [    Test worker] o.s.t.web.servlet.TestDispatcherServlet  : Initializing Servlet ''
2020-10-11 22:01:28.633  INFO 4160 --- [    Test worker] o.s.t.web.servlet.TestDispatcherServlet  : Completed initialization in 3 ms
Hibernate: insert into posts (created_date, modified_date, author, content, title) values (?, ?, ?, ?, ?)
Hibernate: select posts0_.id as id1_0_, posts0_.created_date as created_2_0_, posts0_.modified_date as modified3_0_, posts0_.author as author4_0_, posts0_.content as content5_0_, posts0_.title as title6_0_ from posts posts0_
Hibernate: select posts0_.id as id1_0_, posts0_.created_date as created_2_0_, posts0_.modified_date as modified3_0_, posts0_.author as author4_0_, posts0_.content as content5_0_, posts0_.title as title6_0_ from posts posts0_
Hibernate: delete from posts where id=?
]]></system-out>
  <system-err><![CDATA[]]></system-err>
</testsuite>
