<?xml version="1.0" encoding="UTF-8"?>
<testsuite name="com.practice.springboot.web.PostApiControllerTest" tests="1" skipped="0" failures="0" errors="0" timestamp="2020-10-04T17:15:55" hostname="Jeremy-ThinkPad" time="0.657">
  <properties/>
  <testcase name="testDeletePosts" classname="com.practice.springboot.web.PostApiControllerTest" time="0.657"/>
  <system-out><![CDATA[02:15:47.329 [Test worker] DEBUG org.springframework.test.context.junit4.SpringJUnit4ClassRunner - SpringJUnit4ClassRunner constructor called with [class com.practice.springboot.web.PostApiControllerTest]
02:15:47.340 [Test worker] DEBUG org.springframework.test.context.BootstrapUtils - Instantiating CacheAwareContextLoaderDelegate from class [org.springframework.test.context.cache.DefaultCacheAwareContextLoaderDelegate]
02:15:47.343 [Test worker] DEBUG org.springframework.test.context.BootstrapUtils - Instantiating BootstrapContext using constructor [public org.springframework.test.context.support.DefaultBootstrapContext(java.lang.Class,org.springframework.test.context.CacheAwareContextLoaderDelegate)]
02:15:47.375 [Test worker] DEBUG org.springframework.test.context.BootstrapUtils - Instantiating TestContextBootstrapper for test class [com.practice.springboot.web.PostApiControllerTest] from class [org.springframework.boot.test.context.SpringBootTestContextBootstrapper]
02:15:47.388 [Test worker] INFO org.springframework.boot.test.context.SpringBootTestContextBootstrapper - Neither @ContextConfiguration nor @ContextHierarchy found for test class [com.practice.springboot.web.PostApiControllerTest], using SpringBootContextLoader
02:15:47.394 [Test worker] DEBUG org.springframework.test.context.support.AbstractContextLoader - Did not detect default resource location for test class [com.practice.springboot.web.PostApiControllerTest]: class path resource [com/practice/springboot/web/PostApiControllerTest-context.xml] does not exist
02:15:47.395 [Test worker] DEBUG org.springframework.test.context.support.AbstractContextLoader - Did not detect default resource location for test class [com.practice.springboot.web.PostApiControllerTest]: class path resource [com/practice/springboot/web/PostApiControllerTestContext.groovy] does not exist
02:15:47.395 [Test worker] INFO org.springframework.test.context.support.AbstractContextLoader - Could not detect default resource locations for test class [com.practice.springboot.web.PostApiControllerTest]: no resource found for suffixes {-context.xml, Context.groovy}.
02:15:47.396 [Test worker] INFO org.springframework.test.context.support.AnnotationConfigContextLoaderUtils - Could not detect default configuration classes for test class [com.practice.springboot.web.PostApiControllerTest]: PostApiControllerTest does not declare any static, non-private, non-final, nested classes annotated with @Configuration.
02:15:47.444 [Test worker] DEBUG org.springframework.test.context.support.ActiveProfilesUtils - Could not find an 'annotation declaring class' for annotation type [org.springframework.test.context.ActiveProfiles] and class [com.practice.springboot.web.PostApiControllerTest]
02:15:47.553 [Test worker] DEBUG org.springframework.context.annotation.ClassPathScanningCandidateComponentProvider - Identified candidate component class: file [C:\Users\Jeremy\IdeaProjects\practice-springboot2-webservice\build\classes\java\main\com\practice\springboot\Application.class]
02:15:47.558 [Test worker] INFO org.springframework.boot.test.context.SpringBootTestContextBootstrapper - Found @SpringBootConfiguration com.practice.springboot.Application for test class com.practice.springboot.web.PostApiControllerTest
02:15:47.677 [Test worker] DEBUG org.springframework.boot.test.context.SpringBootTestContextBootstrapper - @TestExecutionListeners is not present for class [com.practice.springboot.web.PostApiControllerTest]: using defaults.
02:15:47.678 [Test worker] INFO org.springframework.boot.test.context.SpringBootTestContextBootstrapper - Loaded default TestExecutionListener class names from location [META-INF/spring.factories]: [org.springframework.boot.test.autoconfigure.restdocs.RestDocsTestExecutionListener, org.springframework.boot.test.autoconfigure.web.client.MockRestServiceServerResetTestExecutionListener, org.springframework.boot.test.autoconfigure.web.servlet.MockMvcPrintOnlyOnFailureTestExecutionListener, org.springframework.boot.test.autoconfigure.web.servlet.WebDriverTestExecutionListener, org.springframework.boot.test.mock.mockito.MockitoTestExecutionListener, org.springframework.boot.test.mock.mockito.ResetMocksTestExecutionListener, org.springframework.test.context.web.ServletTestExecutionListener, org.springframework.test.context.support.DirtiesContextBeforeModesTestExecutionListener, org.springframework.test.context.support.DependencyInjectionTestExecutionListener, org.springframework.test.context.support.DirtiesContextTestExecutionListener, org.springframework.test.context.transaction.TransactionalTestExecutionListener, org.springframework.test.context.jdbc.SqlScriptsTestExecutionListener]
02:15:47.704 [Test worker] INFO org.springframework.boot.test.context.SpringBootTestContextBootstrapper - Using TestExecutionListeners: [org.springframework.test.context.web.ServletTestExecutionListener@7a6fec1d, org.springframework.test.context.support.DirtiesContextBeforeModesTestExecutionListener@4c7e3586, org.springframework.boot.test.mock.mockito.MockitoTestExecutionListener@bb5ba0f, org.springframework.boot.test.autoconfigure.SpringBootDependencyInjectionTestExecutionListener@63d269ea, org.springframework.test.context.support.DirtiesContextTestExecutionListener@66d87e89, org.springframework.test.context.transaction.TransactionalTestExecutionListener@5b37b5d1, org.springframework.test.context.jdbc.SqlScriptsTestExecutionListener@7df4097a, org.springframework.boot.test.autoconfigure.restdocs.RestDocsTestExecutionListener@d19a217, org.springframework.boot.test.autoconfigure.web.client.MockRestServiceServerResetTestExecutionListener@2810b90b, org.springframework.boot.test.autoconfigure.web.servlet.MockMvcPrintOnlyOnFailureTestExecutionListener@4eef18e5, org.springframework.boot.test.autoconfigure.web.servlet.WebDriverTestExecutionListener@138d779b, org.springframework.boot.test.mock.mockito.ResetMocksTestExecutionListener@534476e7]
02:15:47.707 [Test worker] DEBUG org.springframework.test.annotation.ProfileValueUtils - Retrieved @ProfileValueSourceConfiguration [null] for test class [com.practice.springboot.web.PostApiControllerTest]
02:15:47.710 [Test worker] DEBUG org.springframework.test.annotation.ProfileValueUtils - Retrieved ProfileValueSource type [class org.springframework.test.annotation.SystemProfileValueSource] for class [com.practice.springboot.web.PostApiControllerTest]
02:15:47.715 [Test worker] DEBUG org.springframework.test.annotation.ProfileValueUtils - Retrieved @ProfileValueSourceConfiguration [null] for test class [com.practice.springboot.web.PostApiControllerTest]
02:15:47.715 [Test worker] DEBUG org.springframework.test.annotation.ProfileValueUtils - Retrieved ProfileValueSource type [class org.springframework.test.annotation.SystemProfileValueSource] for class [com.practice.springboot.web.PostApiControllerTest]
02:15:47.716 [Test worker] DEBUG org.springframework.test.annotation.ProfileValueUtils - Retrieved @ProfileValueSourceConfiguration [null] for test class [com.practice.springboot.web.PostApiControllerTest]
02:15:47.716 [Test worker] DEBUG org.springframework.test.annotation.ProfileValueUtils - Retrieved ProfileValueSource type [class org.springframework.test.annotation.SystemProfileValueSource] for class [com.practice.springboot.web.PostApiControllerTest]
02:15:47.721 [Test worker] DEBUG org.springframework.test.context.support.AbstractDirtiesContextTestExecutionListener - Before test class: context [DefaultTestContext@10ae2ae8 testClass = PostApiControllerTest, testInstance = [null], testMethod = [null], testException = [null], mergedContextConfiguration = [WebMergedContextConfiguration@7fe554c testClass = PostApiControllerTest, locations = '{}', classes = '{class com.practice.springboot.Application}', contextInitializerClasses = '[]', activeProfiles = '{}', propertySourceLocations = '{}', propertySourceProperties = '{org.springframework.boot.test.context.SpringBootTestContextBootstrapper=true, server.port=0}', contextCustomizers = set[org.springframework.boot.test.autoconfigure.properties.PropertyMappingContextCustomizer@0, org.springframework.boot.test.autoconfigure.web.servlet.WebDriverContextCustomizerFactory$Customizer@73d06e73, org.springframework.boot.test.context.filter.ExcludeFilterContextCustomizer@2bf3d53f, org.springframework.boot.test.json.DuplicateJsonObjectContextCustomizerFactory$DuplicateJsonObjectContextCustomizer@57a9c9f4, org.springframework.boot.test.mock.mockito.MockitoContextCustomizer@0, org.springframework.boot.test.web.client.TestRestTemplateContextCustomizer@1f625a4b], resourceBasePath = 'src/main/webapp', contextLoader = 'org.springframework.boot.test.context.SpringBootContextLoader', parent = [null]], attributes = map['org.springframework.test.context.web.ServletTestExecutionListener.activateListener' -> false]], class annotated with @DirtiesContext [false] with mode [null].
02:15:47.723 [Test worker] DEBUG org.springframework.test.annotation.ProfileValueUtils - Retrieved @ProfileValueSourceConfiguration [null] for test class [com.practice.springboot.web.PostApiControllerTest]
02:15:47.723 [Test worker] DEBUG org.springframework.test.annotation.ProfileValueUtils - Retrieved ProfileValueSource type [class org.springframework.test.annotation.SystemProfileValueSource] for class [com.practice.springboot.web.PostApiControllerTest]
02:15:47.727 [Test worker] DEBUG org.springframework.test.context.support.DependencyInjectionTestExecutionListener - Performing dependency injection for test context [[DefaultTestContext@10ae2ae8 testClass = PostApiControllerTest, testInstance = com.practice.springboot.web.PostApiControllerTest@50642f96, testMethod = [null], testException = [null], mergedContextConfiguration = [WebMergedContextConfiguration@7fe554c testClass = PostApiControllerTest, locations = '{}', classes = '{class com.practice.springboot.Application}', contextInitializerClasses = '[]', activeProfiles = '{}', propertySourceLocations = '{}', propertySourceProperties = '{org.springframework.boot.test.context.SpringBootTestContextBootstrapper=true, server.port=0}', contextCustomizers = set[org.springframework.boot.test.autoconfigure.properties.PropertyMappingContextCustomizer@0, org.springframework.boot.test.autoconfigure.web.servlet.WebDriverContextCustomizerFactory$Customizer@73d06e73, org.springframework.boot.test.context.filter.ExcludeFilterContextCustomizer@2bf3d53f, org.springframework.boot.test.json.DuplicateJsonObjectContextCustomizerFactory$DuplicateJsonObjectContextCustomizer@57a9c9f4, org.springframework.boot.test.mock.mockito.MockitoContextCustomizer@0, org.springframework.boot.test.web.client.TestRestTemplateContextCustomizer@1f625a4b], resourceBasePath = 'src/main/webapp', contextLoader = 'org.springframework.boot.test.context.SpringBootContextLoader', parent = [null]], attributes = map['org.springframework.test.context.web.ServletTestExecutionListener.activateListener' -> false]]].
02:15:47.765 [Test worker] DEBUG org.springframework.test.context.support.TestPropertySourceUtils - Adding inlined properties to environment: {spring.jmx.enabled=false, org.springframework.boot.test.context.SpringBootTestContextBootstrapper=true, server.port=0}

  .   ____          _            __ _ _
 /\\ / ___'_ __ _ _(_)_ __  __ _ \ \ \ \
( ( )\___ | '_ | '_| | '_ \/ _` | \ \ \ \
 \\/  ___)| |_)| | | | | || (_| |  ) ) ) )
  '  |____| .__|_| |_|_| |_\__, | / / / /
 =========|_|==============|___/=/_/_/_/
 :: Spring Boot ::        (v2.1.7.RELEASE)

2020-10-05 02:15:48.104  INFO 12128 --- [    Test worker] c.p.s.web.PostApiControllerTest          : Starting PostApiControllerTest on Jeremy-ThinkPad with PID 12128 (started by Jeremy in C:\Users\Jeremy\IdeaProjects\practice-springboot2-webservice)
2020-10-05 02:15:48.106  INFO 12128 --- [    Test worker] c.p.s.web.PostApiControllerTest          : No active profile set, falling back to default profiles: default
2020-10-05 02:15:48.959  INFO 12128 --- [    Test worker] .s.d.r.c.RepositoryConfigurationDelegate : Bootstrapping Spring Data repositories in DEFAULT mode.
2020-10-05 02:15:49.063  INFO 12128 --- [    Test worker] .s.d.r.c.RepositoryConfigurationDelegate : Finished Spring Data repository scanning in 96ms. Found 1 repository interfaces.
2020-10-05 02:15:49.692  INFO 12128 --- [    Test worker] trationDelegate$BeanPostProcessorChecker : Bean 'org.springframework.transaction.annotation.ProxyTransactionManagementConfiguration' of type [org.springframework.transaction.annotation.ProxyTransactionManagementConfiguration$$EnhancerBySpringCGLIB$$57a6e2ed] is not eligible for getting processed by all BeanPostProcessors (for example: not eligible for auto-proxying)
2020-10-05 02:15:50.332  INFO 12128 --- [    Test worker] o.s.b.w.embedded.tomcat.TomcatWebServer  : Tomcat initialized with port(s): 0 (http)
2020-10-05 02:15:50.393  INFO 12128 --- [    Test worker] o.apache.catalina.core.StandardService   : Starting service [Tomcat]
2020-10-05 02:15:50.394  INFO 12128 --- [    Test worker] org.apache.catalina.core.StandardEngine  : Starting Servlet engine: [Apache Tomcat/9.0.22]
2020-10-05 02:15:50.707  INFO 12128 --- [    Test worker] o.a.c.c.C.[Tomcat].[localhost].[/]       : Initializing Spring embedded WebApplicationContext
2020-10-05 02:15:50.707  INFO 12128 --- [    Test worker] o.s.web.context.ContextLoader            : Root WebApplicationContext: initialization completed in 2579 ms
2020-10-05 02:15:51.104  INFO 12128 --- [    Test worker] com.zaxxer.hikari.HikariDataSource       : HikariPool-1 - Starting...
2020-10-05 02:15:51.331  INFO 12128 --- [    Test worker] com.zaxxer.hikari.HikariDataSource       : HikariPool-1 - Start completed.
2020-10-05 02:15:51.456  INFO 12128 --- [    Test worker] o.hibernate.jpa.internal.util.LogHelper  : HHH000204: Processing PersistenceUnitInfo [
	name: default
	...]
2020-10-05 02:15:51.597  INFO 12128 --- [    Test worker] org.hibernate.Version                    : HHH000412: Hibernate Core {5.3.10.Final}
2020-10-05 02:15:51.603  INFO 12128 --- [    Test worker] org.hibernate.cfg.Environment            : HHH000206: hibernate.properties not found
2020-10-05 02:15:51.854  INFO 12128 --- [    Test worker] o.hibernate.annotations.common.Version   : HCANN000001: Hibernate Commons Annotations {5.0.4.Final}
2020-10-05 02:15:52.126  INFO 12128 --- [    Test worker] org.hibernate.dialect.Dialect            : HHH000400: Using dialect: org.hibernate.dialect.MySQL5InnoDBDialect
Hibernate: drop table if exists posts
Hibernate: create table posts (id bigint not null auto_increment, created_date datetime, modified_date datetime, author varchar(255), content TEXT not null, title varchar(500) not null, primary key (id)) engine=InnoDB
2020-10-05 02:15:53.158  INFO 12128 --- [    Test worker] o.h.t.schema.internal.SchemaCreatorImpl  : HHH000476: Executing import script 'org.hibernate.tool.schema.internal.exec.ScriptSourceInputNonExistentImpl@29bb3f93'
2020-10-05 02:15:53.161  INFO 12128 --- [    Test worker] j.LocalContainerEntityManagerFactoryBean : Initialized JPA EntityManagerFactory for persistence unit 'default'
2020-10-05 02:15:53.563  INFO 12128 --- [    Test worker] o.h.h.i.QueryTranslatorFactoryInitiator  : HHH000397: Using ASTQueryTranslatorFactory
2020-10-05 02:15:54.532  INFO 12128 --- [    Test worker] o.s.s.concurrent.ThreadPoolTaskExecutor  : Initializing ExecutorService 'applicationTaskExecutor'
2020-10-05 02:15:54.625  WARN 12128 --- [    Test worker] aWebConfiguration$JpaWebMvcConfiguration : spring.jpa.open-in-view is enabled by default. Therefore, database queries may be performed during view rendering. Explicitly configure spring.jpa.open-in-view to disable this warning
2020-10-05 02:15:54.701  INFO 12128 --- [    Test worker] o.s.b.a.w.s.WelcomePageHandlerMapping    : Adding welcome page template: index
2020-10-05 02:15:55.144  INFO 12128 --- [    Test worker] o.s.b.w.embedded.tomcat.TomcatWebServer  : Tomcat started on port(s): 61439 (http) with context path ''
2020-10-05 02:15:55.153  INFO 12128 --- [    Test worker] c.p.s.web.PostApiControllerTest          : Started PostApiControllerTest in 7.376 seconds (JVM running for 8.742)
Hibernate: insert into posts (created_date, modified_date, author, content, title) values (?, ?, ?, ?, ?)
2020-10-05 02:15:55.484  INFO 12128 --- [o-auto-1-exec-1] o.a.c.c.C.[Tomcat].[localhost].[/]       : Initializing Spring DispatcherServlet 'dispatcherServlet'
2020-10-05 02:15:55.485  INFO 12128 --- [o-auto-1-exec-1] o.s.web.servlet.DispatcherServlet        : Initializing Servlet 'dispatcherServlet'
2020-10-05 02:15:55.512  INFO 12128 --- [o-auto-1-exec-1] o.s.web.servlet.DispatcherServlet        : Completed initialization in 27 ms
Hibernate: select posts0_.id as id1_0_0_, posts0_.created_date as created_2_0_0_, posts0_.modified_date as modified3_0_0_, posts0_.author as author4_0_0_, posts0_.content as content5_0_0_, posts0_.title as title6_0_0_ from posts posts0_ where posts0_.id=?
Hibernate: delete from posts where id=?
Hibernate: select posts0_.id as id1_0_, posts0_.created_date as created_2_0_, posts0_.modified_date as modified3_0_, posts0_.author as author4_0_, posts0_.content as content5_0_, posts0_.title as title6_0_ from posts posts0_
]]></system-out>
  <system-err><![CDATA[]]></system-err>
</testsuite>
